<?xml version="1.0" encoding="UTF-8"?>
<!-- Generated by org.testng.reporters.JUnitReportReporter -->
<testsuite hostname="DESKTOP-8JDMI1P" failures="0" tests="3" name="Testng.Practice.Day6" time="0.008" errors="0" timestamp="2024-07-19T19:37:23 IST" skipped="0">
  <testcase classname="Testng.Practice.Day6" name="chking" time="0.003"/>
  <system-out/>
  <testcase classname="Testng.Practice.Day6" name="chk" time="0.002"/>
  <system-out/>
  <testcase classname="Testng.Practice.Day6" name="Day" time="0.003"/>
  <system-out/>
</testsuite> <!-- Testng.Practice.Day6 -->
