<?xml version="1.0" encoding="UTF-8"?>
<!-- Generated by org.testng.reporters.JUnitReportReporter -->
<testsuite hostname="DESKTOP-8JDMI1P" failures="0" tests="4" name="Testng.Practice.Day7HelperATT" time="0.020" errors="0" timestamp="2024-07-19T21:11:40 IST" skipped="1">
  <testcase classname="Testng.Practice.Day7HelperATT" name="Helper" time="0.002"/>
  <system-out/>
  <testcase classname="Testng.Practice.Day7HelperATT" name="B" time="0.015"/>
  <system-out/>
  <testcase classname="Testng.Practice.Day7HelperATT" name="AHelperAt" time="0.003"/>
  <system-out/>
  <testcase classname="Testng.Practice.Day7HelperATT" name="Enablechk">
    <skipped/>
  </testcase> <!-- Enablechk -->
  <system-out/>
</testsuite> <!-- Testng.Practice.Day7HelperATT -->
