<?xml version="1.0" encoding="UTF-8"?>
<!-- Generated by org.testng.reporters.JUnitReportReporter -->
<testsuite hostname="DESKTOP-8JDMI1P" failures="0" tests="3" name="Testng.Practice.Day2" time="0.008" errors="0" timestamp="2024-07-19T20:38:44 IST" skipped="0">
  <testcase classname="Testng.Practice.Day2" name="CarLoanPayment" time="0.002"/>
  <system-out/>
  <testcase classname="Testng.Practice.Day2" name="CarLoanStatus" time="0.003"/>
  <system-out/>
  <testcase classname="Testng.Practice.Day2" name="CarLoanLoign" time="0.003"/>
  <system-out/>
</testsuite> <!-- Testng.Practice.Day2 -->
