<?xml version="1.0" encoding="UTF-8"?>
<!-- Generated by org.testng.reporters.JUnitReportReporter -->
<testsuite hostname="DESKTOP-8JDMI1P" failures="0" tests="2" name="Testng.Practice.Day3" time="0.011" errors="0" timestamp="2024-07-19T19:37:23 IST" skipped="0">
  <testcase classname="Testng.Practice.Day3" name="LAPLogin" time="0.003"/>
  <system-out/>
  <testcase classname="Testng.Practice.Day3" name="LAPStatus" time="0.008"/>
  <system-out/>
</testsuite> <!-- Testng.Practice.Day3 -->
