<?xml version="1.0" encoding="UTF-8"?>
<!-- Generated by org.testng.reporters.JUnitReportReporter -->
<testsuite hostname="DESKTOP-8JDMI1P" failures="0" tests="1" name="Testng.Practice.Day4" time="0.005" errors="0" timestamp="2024-07-19T19:37:23 IST" skipped="0">
  <testcase classname="Testng.Practice.Day4" name="EducationLoan" time="0.005"/>
  <system-out/>
</testsuite> <!-- Testng.Practice.Day4 -->
