<?xml version="1.0" encoding="UTF-8"?>
<!-- Generated by org.testng.reporters.JUnitReportReporter -->
<testsuite hostname="DESKTOP-8JDMI1P" failures="0" tests="3" name="Testng.Practice.Day8" time="0.017" errors="0" timestamp="2024-07-19T21:05:08 IST" skipped="0">
  <testcase classname="Testng.Practice.Day8" name="Helper" time="0.003"/>
  <system-out/>
  <testcase classname="Testng.Practice.Day8" name="B" time="0.012"/>
  <system-out/>
  <testcase classname="Testng.Practice.Day8" name="AHelperAt" time="0.002"/>
  <system-out/>
</testsuite> <!-- Testng.Practice.Day8 -->
