<?xml version="1.0" encoding="UTF-8"?>
<!-- Generated by org.testng.reporters.JUnitReportReporter -->
<testsuite hostname="DESKTOP-8JDMI1P" failures="0" tests="1" name="Testng.Practice.Day7" time="0.003" errors="0" timestamp="2024-07-19T20:41:56 IST" skipped="0">
  <testcase classname="Testng.Practice.Day7" name="GroupTesting" time="0.003"/>
  <system-out/>
</testsuite> <!-- Testng.Practice.Day7 -->
