<?xml version="1.0" encoding="UTF-8"?>
<!-- Generated by org.testng.reporters.JUnitReportReporter -->
<testsuite hostname="DESKTOP-8JDMI1P" failures="0" tests="1" name="Testng.Practice.Day1" time="0.015" errors="0" timestamp="2024-07-19T20:41:56 IST" skipped="0">
  <testcase classname="Testng.Practice.Day1" name="HomeloanPayment" time="0.015"/>
  <system-out/>
</testsuite> <!-- Testng.Practice.Day1 -->
